2021-05-15 14:11:50.194  INFO 15492 --- [main] c.iiitb.sportitup.SportitupApplication   : Starting SportitupApplication using Java 11.0.11 on ubuntu2020 with PID 15492 (/home/nihar/Desktop/SportItUp-Application/target/classes started by nihar in /home/nihar/Desktop/SportItUp-Application)
2021-05-15 14:11:50.197  INFO 15492 --- [main] c.iiitb.sportitup.SportitupApplication   : No active profile set, falling back to default profiles: default
2021-05-15 14:11:50.825  INFO 15492 --- [main] .s.d.r.c.RepositoryConfigurationDelegate : Bootstrapping Spring Data JPA repositories in DEFAULT mode.
2021-05-15 14:11:50.863  INFO 15492 --- [main] .s.d.r.c.RepositoryConfigurationDelegate : Finished Spring Data repository scanning in 33 ms. Found 5 JPA repository interfaces.
2021-05-15 14:11:51.141  INFO 15492 --- [main] o.s.b.w.embedded.tomcat.TomcatWebServer  : Tomcat initialized with port(s): 8081 (http)
2021-05-15 14:11:51.146  INFO 15492 --- [main] o.apache.catalina.core.StandardService   : Starting service [Tomcat]
2021-05-15 14:11:51.146  INFO 15492 --- [main] org.apache.catalina.core.StandardEngine  : Starting Servlet engine: [Apache Tomcat/9.0.44]
2021-05-15 14:11:51.190  INFO 15492 --- [main] o.a.c.c.C.[Tomcat].[localhost].[/]       : Initializing Spring embedded WebApplicationContext
2021-05-15 14:11:51.190  INFO 15492 --- [main] w.s.c.ServletWebServerApplicationContext : Root WebApplicationContext: initialization completed in 925 ms
2021-05-15 14:11:51.279  INFO 15492 --- [main] o.hibernate.jpa.internal.util.LogHelper  : HHH000204: Processing PersistenceUnitInfo [name: default]
2021-05-15 14:11:51.299  INFO 15492 --- [main] org.hibernate.Version                    : HHH000412: Hibernate ORM core version 5.4.29.Final
2021-05-15 14:11:51.350  INFO 15492 --- [main] o.hibernate.annotations.common.Version   : HCANN000001: Hibernate Commons Annotations {5.1.2.Final}
2021-05-15 14:11:51.403  INFO 15492 --- [main] com.zaxxer.hikari.HikariDataSource       : HikariPool-1 - Starting...
2021-05-15 14:11:51.662  INFO 15492 --- [main] com.zaxxer.hikari.HikariDataSource       : HikariPool-1 - Start completed.
2021-05-15 14:11:51.669  INFO 15492 --- [main] org.hibernate.dialect.Dialect            : HHH000400: Using dialect: org.hibernate.dialect.MySQL5Dialect
2021-05-15 14:11:51.915  INFO 15492 --- [main] org.hibernate.tuple.PojoInstantiator     : HHH000182: No default (no-argument) constructor for class: com.iiitb.sportitup.bean.Event (class must be instantiated by Interceptor)
2021-05-15 14:11:52.227  INFO 15492 --- [main] o.h.e.t.j.p.i.JtaPlatformInitiator       : HHH000490: Using JtaPlatform implementation: [org.hibernate.engine.transaction.jta.platform.internal.NoJtaPlatform]
2021-05-15 14:11:52.232  INFO 15492 --- [main] j.LocalContainerEntityManagerFactoryBean : Initialized JPA EntityManagerFactory for persistence unit 'default'
2021-05-15 14:11:52.547  WARN 15492 --- [main] JpaBaseConfiguration$JpaWebConfiguration : spring.jpa.open-in-view is enabled by default. Therefore, database queries may be performed during view rendering. Explicitly configure spring.jpa.open-in-view to disable this warning
2021-05-15 14:11:52.609  INFO 15492 --- [main] o.s.s.concurrent.ThreadPoolTaskExecutor  : Initializing ExecutorService 'applicationTaskExecutor'
2021-05-15 14:11:52.726  INFO 15492 --- [main] o.s.b.w.embedded.tomcat.TomcatWebServer  : Tomcat started on port(s): 8081 (http) with context path ''
2021-05-15 14:11:52.732  INFO 15492 --- [main] c.iiitb.sportitup.SportitupApplication   : Started SportitupApplication in 2.97 seconds (JVM running for 3.403)
2021-05-15 14:12:06.758  INFO 15492 --- [http-nio-8081-exec-1] o.a.c.c.C.[Tomcat].[localhost].[/]       : Initializing Spring DispatcherServlet 'dispatcherServlet'
2021-05-15 14:12:06.759  INFO 15492 --- [http-nio-8081-exec-1] o.s.web.servlet.DispatcherServlet        : Initializing Servlet 'dispatcherServlet'
2021-05-15 14:12:06.760  INFO 15492 --- [http-nio-8081-exec-1] o.s.web.servlet.DispatcherServlet        : Completed initialization in 1 ms
2021-05-15 14:12:06.862  INFO 15492 --- [http-nio-8081-exec-1] c.i.sportitup.service.ActivityService    : [Login by user with id] - 1

2021-05-15 14:23:37.940  INFO 15848 --- [http-nio-8081-exec-1] o.s.web.servlet.DispatcherServlet        : Completed initialization in 1 ms
2021-05-15 14:23:38.068  INFO 15848 --- [http-nio-8081-exec-1] c.i.sportitup.service.ActivityService    : [Login by user with id] - 1
2021-05-15 14:24:03.391  INFO 15848 --- [http-nio-8081-exec-9] c.i.sportitup.service.BookingService     : [New Activity Created with id] - 24

2021-05-15 14:26:44.476  INFO 16039 --- [http-nio-8081-exec-2] c.i.sportitup.service.ActivityService    : [Login by user with id] - 1
2021-05-15 14:27:04.415  INFO 16039 --- [http-nio-8081-exec-10] c.i.s.controller.ActivityController      : [User joined the activity] - 17
2021-05-15 14:27:07.113  INFO 16039 --- [http-nio-8081-exec-1] c.i.s.controller.ActivityController      : [User joined the activity] - 17
2021-05-15 14:27:09.060  INFO 16039 --- [http-nio-8081-exec-3] c.i.s.controller.ActivityController      : [User joined the activity] - 17
2021-05-15 14:27:39.970  INFO 16039 --- [http-nio-8081-exec-9] c.i.sportitup.service.ActivityService    : [New Activity Created with id] - 25
2021-05-15 14:30:05.112  INFO 16039 --- [http-nio-8081-exec-4] c.i.sportitup.service.BookingService     : [New Booking Created with id] - 26	
2021-05-15 14:42:01.614  INFO 16967 --- [http-nio-8081-exec-4] c.i.sportitup.controller.UserController  : [New user created with id] - 28
