2021-05-15 15:36:15,531 INFO com.iiitb.sportitup.controller.UserController [http-nio-8081-exec-2] [Login by user with id] - 1
2021-05-15 15:36:26,669 INFO com.iiitb.sportitup.controller.ActivityController [http-nio-8081-exec-7] [User joined the activity] - 17
2021-05-15 16:30:48,872 INFO com.iiitb.sportitup.controller.UserController [http-nio-8081-exec-2] [Login by user with id] - 1
2021-05-15 16:31:07,382 INFO com.iiitb.sportitup.service.BookingService [http-nio-8081-exec-7] [New Booking Created with id] - 29
2021-05-15 16:31:34,314 INFO com.iiitb.sportitup.service.ActivityService [http-nio-8081-exec-7] [New Activity Created with id] - 30
2021-05-15 16:32:03,421 INFO com.iiitb.sportitup.controller.ActivityController [http-nio-8081-exec-10] [User joined the activity] - 23
2021-05-15 16:32:05,424 INFO com.iiitb.sportitup.controller.ActivityController [http-nio-8081-exec-2] [User joined the activity] - 23
2021-05-15 16:32:53,462 INFO com.iiitb.sportitup.controller.UserController [http-nio-8081-exec-2] [New user created with id] - 31
2021-05-15 16:33:42,772 INFO com.iiitb.sportitup.controller.UserController [http-nio-8081-exec-4] [New user created with id] - 32
2021-05-15 16:33:50,351 INFO com.iiitb.sportitup.controller.UserController [http-nio-8081-exec-6] [Login by user with id] - 32
2021-05-15 16:38:11,530 INFO com.iiitb.sportitup.controller.VenueController [http-nio-8081-exec-4] [Venue created with venueId] - 5
2021-05-17 16:44:07,081 INFO org.springframework.boot.StartupInfoLogger [main] Starting SportitupApplication using Java 11.0.11 on ubuntu2020 with PID 26296 (/home/nihar/Desktop/SportItUp-Application/target/classes started by nihar in /home/nihar/Desktop/SportItUp-Application)
2021-05-17 16:44:07,084 INFO org.springframework.boot.SpringApplication [main] No active profile set, falling back to default profiles: default
2021-05-17 16:44:07,739 INFO org.springframework.data.repository.config.RepositoryConfigurationDelegate [main] Bootstrapping Spring Data JPA repositories in DEFAULT mode.
2021-05-17 16:44:07,793 INFO org.springframework.data.repository.config.RepositoryConfigurationDelegate [main] Finished Spring Data repository scanning in 41 ms. Found 5 JPA repository interfaces.
2021-05-17 16:44:08,124 INFO org.springframework.boot.web.embedded.tomcat.TomcatWebServer [main] Tomcat initialized with port(s): 8081 (http)
2021-05-17 16:44:08,129 INFO org.apache.juli.logging.DirectJDKLog [main] Initializing ProtocolHandler ["http-nio-8081"]
2021-05-17 16:44:08,130 INFO org.apache.juli.logging.DirectJDKLog [main] Starting service [Tomcat]
2021-05-17 16:44:08,130 INFO org.apache.juli.logging.DirectJDKLog [main] Starting Servlet engine: [Apache Tomcat/9.0.44]
2021-05-17 16:44:08,173 INFO org.apache.juli.logging.DirectJDKLog [main] Initializing Spring embedded WebApplicationContext
2021-05-17 16:44:08,173 INFO org.springframework.boot.web.servlet.context.ServletWebServerApplicationContext [main] Root WebApplicationContext: initialization completed in 1028 ms
2021-05-17 16:44:08,291 INFO org.hibernate.jpa.internal.util.LogHelper [main] HHH000204: Processing PersistenceUnitInfo [name: default]
2021-05-17 16:44:08,319 INFO org.hibernate.Version [main] HHH000412: Hibernate ORM core version 5.4.29.Final
2021-05-17 16:44:08,392 INFO org.hibernate.annotations.common.reflection.java.JavaReflectionManager [main] HCANN000001: Hibernate Commons Annotations {5.1.2.Final}
2021-05-17 16:44:08,452 INFO com.zaxxer.hikari.HikariDataSource [main] HikariPool-1 - Starting...
2021-05-17 16:44:08,691 INFO com.zaxxer.hikari.HikariDataSource [main] HikariPool-1 - Start completed.
2021-05-17 16:44:08,700 INFO org.hibernate.dialect.Dialect [main] HHH000400: Using dialect: org.hibernate.dialect.MySQL5Dialect
2021-05-17 16:44:09,407 INFO org.hibernate.engine.transaction.jta.platform.internal.JtaPlatformInitiator [main] HHH000490: Using JtaPlatform implementation: [org.hibernate.engine.transaction.jta.platform.internal.NoJtaPlatform]
2021-05-17 16:44:09,414 INFO org.springframework.orm.jpa.AbstractEntityManagerFactoryBean [main] Initialized JPA EntityManagerFactory for persistence unit 'default'
2021-05-17 16:44:09,696 WARN org.springframework.boot.autoconfigure.orm.jpa.JpaBaseConfiguration$JpaWebConfiguration [main] spring.jpa.open-in-view is enabled by default. Therefore, database queries may be performed during view rendering. Explicitly configure spring.jpa.open-in-view to disable this warning
2021-05-17 16:44:09,767 INFO org.springframework.scheduling.concurrent.ExecutorConfigurationSupport [main] Initializing ExecutorService 'applicationTaskExecutor'
2021-05-17 16:44:09,927 INFO org.apache.juli.logging.DirectJDKLog [main] Starting ProtocolHandler ["http-nio-8081"]
2021-05-17 16:44:09,936 INFO org.springframework.boot.web.embedded.tomcat.TomcatWebServer [main] Tomcat started on port(s): 8081 (http) with context path ''
2021-05-17 16:44:09,943 INFO org.springframework.boot.StartupInfoLogger [main] Started SportitupApplication in 3.441 seconds (JVM running for 4.148)
2021-05-17 16:44:18,647 INFO org.apache.juli.logging.DirectJDKLog [http-nio-8081-exec-1] Initializing Spring DispatcherServlet 'dispatcherServlet'
2021-05-17 16:44:18,648 INFO org.springframework.web.servlet.FrameworkServlet [http-nio-8081-exec-1] Initializing Servlet 'dispatcherServlet'
2021-05-17 16:44:18,649 INFO org.springframework.web.servlet.FrameworkServlet [http-nio-8081-exec-1] Completed initialization in 1 ms
2021-05-17 16:44:18,768 INFO com.iiitb.sportitup.controller.UserController [http-nio-8081-exec-2] [Login by user with id] - 1
2021-05-17 16:47:35,874 WARN org.springframework.web.servlet.handler.AbstractHandlerExceptionResolver [http-nio-8081-exec-4] Resolved [org.springframework.web.method.annotation.MethodArgumentTypeMismatchException: Failed to convert value of type 'java.lang.String' to required type 'java.lang.Integer'; nested exception is java.lang.NumberFormatException: For input string: "undefined"]
2021-05-17 16:47:48,282 INFO com.iiitb.sportitup.controller.UserController [http-nio-8081-exec-5] [Login by user with id] - 2
2021-05-17 16:53:04,443 INFO com.iiitb.sportitup.controller.UserController [http-nio-8081-exec-10] [Login by user with id] - 1
2021-05-17 16:53:09,194 WARN org.springframework.web.servlet.handler.AbstractHandlerExceptionResolver [http-nio-8081-exec-1] Resolved [org.springframework.http.converter.HttpMessageNotWritableException: Could not write JSON: Null value was assigned to a property [class com.iiitb.sportitup.bean.Slots.grounds] of primitive type setter of com.iiitb.sportitup.bean.Slots.grounds; nested exception is com.fasterxml.jackson.databind.JsonMappingException: Null value was assigned to a property [class com.iiitb.sportitup.bean.Slots.grounds] of primitive type setter of com.iiitb.sportitup.bean.Slots.grounds (through reference chain: java.util.ArrayList[0]->com.iiitb.sportitup.bean.Venue["slots"])]
2021-05-17 16:53:09,196 WARN org.hibernate.engine.loading.internal.LoadContexts [http-nio-8081-exec-1] HHH000100: Fail-safe cleanup (collections) : org.hibernate.engine.loading.internal.CollectionLoadContext@76ca8e5f<rs=HikariProxyResultSet@867617749 wrapping Result set representing update count of 2>
2021-05-17 16:53:09,196 WARN org.hibernate.engine.loading.internal.CollectionLoadContext [http-nio-8081-exec-1] HHH000160: On CollectionLoadContext#cleanup, localLoadingCollectionKeys contained [1] entries
2021-05-17 16:53:11,611 WARN org.springframework.web.servlet.handler.AbstractHandlerExceptionResolver [http-nio-8081-exec-2] Resolved [org.springframework.http.converter.HttpMessageNotWritableException: Could not write JSON: Null value was assigned to a property [class com.iiitb.sportitup.bean.Slots.grounds] of primitive type setter of com.iiitb.sportitup.bean.Slots.grounds; nested exception is com.fasterxml.jackson.databind.JsonMappingException: Null value was assigned to a property [class com.iiitb.sportitup.bean.Slots.grounds] of primitive type setter of com.iiitb.sportitup.bean.Slots.grounds (through reference chain: java.util.ArrayList[0]->com.iiitb.sportitup.bean.Venue["slots"])]
2021-05-17 16:53:11,612 WARN org.hibernate.engine.loading.internal.LoadContexts [http-nio-8081-exec-2] HHH000100: Fail-safe cleanup (collections) : org.hibernate.engine.loading.internal.CollectionLoadContext@323442fc<rs=HikariProxyResultSet@995356127 wrapping Result set representing update count of 2>
2021-05-17 16:53:11,613 WARN org.hibernate.engine.loading.internal.CollectionLoadContext [http-nio-8081-exec-2] HHH000160: On CollectionLoadContext#cleanup, localLoadingCollectionKeys contained [1] entries
2021-05-17 16:53:14,356 WARN org.springframework.web.servlet.handler.AbstractHandlerExceptionResolver [http-nio-8081-exec-4] Resolved [org.springframework.http.converter.HttpMessageNotWritableException: Could not write JSON: Null value was assigned to a property [class com.iiitb.sportitup.bean.Slots.grounds] of primitive type setter of com.iiitb.sportitup.bean.Slots.grounds; nested exception is com.fasterxml.jackson.databind.JsonMappingException: Null value was assigned to a property [class com.iiitb.sportitup.bean.Slots.grounds] of primitive type setter of com.iiitb.sportitup.bean.Slots.grounds (through reference chain: java.util.ArrayList[0]->com.iiitb.sportitup.bean.Venue["slots"])]
2021-05-17 16:53:14,357 WARN org.hibernate.engine.loading.internal.LoadContexts [http-nio-8081-exec-4] HHH000100: Fail-safe cleanup (collections) : org.hibernate.engine.loading.internal.CollectionLoadContext@1571e1f6<rs=HikariProxyResultSet@710919544 wrapping Result set representing update count of 2>
2021-05-17 16:53:14,357 WARN org.hibernate.engine.loading.internal.CollectionLoadContext [http-nio-8081-exec-4] HHH000160: On CollectionLoadContext#cleanup, localLoadingCollectionKeys contained [1] entries
2021-05-17 16:53:16,069 WARN org.springframework.web.servlet.handler.AbstractHandlerExceptionResolver [http-nio-8081-exec-6] Resolved [org.springframework.http.converter.HttpMessageNotWritableException: Could not write JSON: Null value was assigned to a property [class com.iiitb.sportitup.bean.Slots.grounds] of primitive type setter of com.iiitb.sportitup.bean.Slots.grounds; nested exception is com.fasterxml.jackson.databind.JsonMappingException: Null value was assigned to a property [class com.iiitb.sportitup.bean.Slots.grounds] of primitive type setter of com.iiitb.sportitup.bean.Slots.grounds (through reference chain: java.util.ArrayList[0]->com.iiitb.sportitup.bean.Venue["slots"])]
2021-05-17 16:53:16,071 WARN org.hibernate.engine.loading.internal.LoadContexts [http-nio-8081-exec-6] HHH000100: Fail-safe cleanup (collections) : org.hibernate.engine.loading.internal.CollectionLoadContext@76e1f601<rs=HikariProxyResultSet@928699845 wrapping Result set representing update count of 2>
2021-05-17 16:53:16,072 WARN org.hibernate.engine.loading.internal.CollectionLoadContext [http-nio-8081-exec-6] HHH000160: On CollectionLoadContext#cleanup, localLoadingCollectionKeys contained [1] entries
2021-05-17 16:58:06,841 WARN org.springframework.web.servlet.handler.AbstractHandlerExceptionResolver [http-nio-8081-exec-7] Resolved [org.springframework.http.converter.HttpMessageNotWritableException: Could not write JSON: Null value was assigned to a property [class com.iiitb.sportitup.bean.Slots.grounds] of primitive type setter of com.iiitb.sportitup.bean.Slots.grounds; nested exception is com.fasterxml.jackson.databind.JsonMappingException: Null value was assigned to a property [class com.iiitb.sportitup.bean.Slots.grounds] of primitive type setter of com.iiitb.sportitup.bean.Slots.grounds (through reference chain: java.util.ArrayList[0]->com.iiitb.sportitup.bean.Venue["slots"])]
2021-05-17 16:58:06,842 WARN org.hibernate.engine.loading.internal.LoadContexts [http-nio-8081-exec-7] HHH000100: Fail-safe cleanup (collections) : org.hibernate.engine.loading.internal.CollectionLoadContext@1fe9340<rs=HikariProxyResultSet@1764424739 wrapping Result set representing update count of 2>
2021-05-17 16:58:06,842 WARN org.hibernate.engine.loading.internal.CollectionLoadContext [http-nio-8081-exec-7] HHH000160: On CollectionLoadContext#cleanup, localLoadingCollectionKeys contained [1] entries
2021-05-17 16:58:07,931 WARN org.springframework.web.servlet.handler.AbstractHandlerExceptionResolver [http-nio-8081-exec-8] Resolved [org.springframework.http.converter.HttpMessageNotWritableException: Could not write JSON: Null value was assigned to a property [class com.iiitb.sportitup.bean.Slots.grounds] of primitive type setter of com.iiitb.sportitup.bean.Slots.grounds; nested exception is com.fasterxml.jackson.databind.JsonMappingException: Null value was assigned to a property [class com.iiitb.sportitup.bean.Slots.grounds] of primitive type setter of com.iiitb.sportitup.bean.Slots.grounds (through reference chain: java.util.ArrayList[0]->com.iiitb.sportitup.bean.Venue["slots"])]
2021-05-17 16:58:07,932 WARN org.hibernate.engine.loading.internal.LoadContexts [http-nio-8081-exec-8] HHH000100: Fail-safe cleanup (collections) : org.hibernate.engine.loading.internal.CollectionLoadContext@9c06bb2<rs=HikariProxyResultSet@2137520459 wrapping Result set representing update count of 2>
2021-05-17 16:58:07,932 WARN org.hibernate.engine.loading.internal.CollectionLoadContext [http-nio-8081-exec-8] HHH000160: On CollectionLoadContext#cleanup, localLoadingCollectionKeys contained [1] entries
2021-05-17 16:58:08,487 WARN org.springframework.web.servlet.handler.AbstractHandlerExceptionResolver [http-nio-8081-exec-9] Resolved [org.springframework.http.converter.HttpMessageNotWritableException: Could not write JSON: Null value was assigned to a property [class com.iiitb.sportitup.bean.Slots.grounds] of primitive type setter of com.iiitb.sportitup.bean.Slots.grounds; nested exception is com.fasterxml.jackson.databind.JsonMappingException: Null value was assigned to a property [class com.iiitb.sportitup.bean.Slots.grounds] of primitive type setter of com.iiitb.sportitup.bean.Slots.grounds (through reference chain: java.util.ArrayList[0]->com.iiitb.sportitup.bean.Venue["slots"])]
2021-05-17 16:58:08,489 WARN org.hibernate.engine.loading.internal.LoadContexts [http-nio-8081-exec-9] HHH000100: Fail-safe cleanup (collections) : org.hibernate.engine.loading.internal.CollectionLoadContext@f992d58<rs=HikariProxyResultSet@400767938 wrapping Result set representing update count of 2>
2021-05-17 16:58:08,490 WARN org.hibernate.engine.loading.internal.CollectionLoadContext [http-nio-8081-exec-9] HHH000160: On CollectionLoadContext#cleanup, localLoadingCollectionKeys contained [1] entries
2021-05-17 16:58:08,973 WARN org.springframework.web.servlet.handler.AbstractHandlerExceptionResolver [http-nio-8081-exec-10] Resolved [org.springframework.http.converter.HttpMessageNotWritableException: Could not write JSON: Null value was assigned to a property [class com.iiitb.sportitup.bean.Slots.grounds] of primitive type setter of com.iiitb.sportitup.bean.Slots.grounds; nested exception is com.fasterxml.jackson.databind.JsonMappingException: Null value was assigned to a property [class com.iiitb.sportitup.bean.Slots.grounds] of primitive type setter of com.iiitb.sportitup.bean.Slots.grounds (through reference chain: java.util.ArrayList[0]->com.iiitb.sportitup.bean.Venue["slots"])]
2021-05-17 16:58:08,974 WARN org.hibernate.engine.loading.internal.LoadContexts [http-nio-8081-exec-10] HHH000100: Fail-safe cleanup (collections) : org.hibernate.engine.loading.internal.CollectionLoadContext@6f8dcf1<rs=HikariProxyResultSet@1639139475 wrapping Result set representing update count of 2>
2021-05-17 16:58:08,974 WARN org.hibernate.engine.loading.internal.CollectionLoadContext [http-nio-8081-exec-10] HHH000160: On CollectionLoadContext#cleanup, localLoadingCollectionKeys contained [1] entries
2021-05-17 17:08:23,664 WARN org.springframework.web.servlet.handler.AbstractHandlerExceptionResolver [http-nio-8081-exec-1] Resolved [org.springframework.http.converter.HttpMessageNotWritableException: Could not write JSON: Null value was assigned to a property [class com.iiitb.sportitup.bean.Slots.grounds] of primitive type setter of com.iiitb.sportitup.bean.Slots.grounds; nested exception is com.fasterxml.jackson.databind.JsonMappingException: Null value was assigned to a property [class com.iiitb.sportitup.bean.Slots.grounds] of primitive type setter of com.iiitb.sportitup.bean.Slots.grounds (through reference chain: java.util.ArrayList[0]->com.iiitb.sportitup.bean.Venue["slots"])]
2021-05-17 17:08:23,665 WARN org.hibernate.engine.loading.internal.LoadContexts [http-nio-8081-exec-1] HHH000100: Fail-safe cleanup (collections) : org.hibernate.engine.loading.internal.CollectionLoadContext@7da221c0<rs=HikariProxyResultSet@463497236 wrapping Result set representing update count of 2>
2021-05-17 17:08:23,666 WARN org.hibernate.engine.loading.internal.CollectionLoadContext [http-nio-8081-exec-1] HHH000160: On CollectionLoadContext#cleanup, localLoadingCollectionKeys contained [1] entries
2021-05-17 17:08:24,742 WARN org.springframework.web.servlet.handler.AbstractHandlerExceptionResolver [http-nio-8081-exec-2] Resolved [org.springframework.http.converter.HttpMessageNotWritableException: Could not write JSON: Null value was assigned to a property [class com.iiitb.sportitup.bean.Slots.grounds] of primitive type setter of com.iiitb.sportitup.bean.Slots.grounds; nested exception is com.fasterxml.jackson.databind.JsonMappingException: Null value was assigned to a property [class com.iiitb.sportitup.bean.Slots.grounds] of primitive type setter of com.iiitb.sportitup.bean.Slots.grounds (through reference chain: java.util.ArrayList[0]->com.iiitb.sportitup.bean.Venue["slots"])]
2021-05-17 17:08:24,743 WARN org.hibernate.engine.loading.internal.LoadContexts [http-nio-8081-exec-2] HHH000100: Fail-safe cleanup (collections) : org.hibernate.engine.loading.internal.CollectionLoadContext@19963eff<rs=HikariProxyResultSet@357066246 wrapping Result set representing update count of 2>
2021-05-17 17:08:24,744 WARN org.hibernate.engine.loading.internal.CollectionLoadContext [http-nio-8081-exec-2] HHH000160: On CollectionLoadContext#cleanup, localLoadingCollectionKeys contained [1] entries
2021-05-17 17:08:35,281 ERROR org.apache.juli.logging.DirectJDKLog [http-nio-8081-exec-4] Servlet.service() for servlet [dispatcherServlet] in context with path [] threw exception [Request processing failed; nested exception is org.springframework.dao.InvalidDataAccessApiUsageException: org.hibernate.TransientPropertyValueException: object references an unsaved transient instance - save the transient instance before flushing : com.iiitb.sportitup.bean.Activity.venue_id -> com.iiitb.sportitup.bean.Venue; nested exception is java.lang.IllegalStateException: org.hibernate.TransientPropertyValueException: object references an unsaved transient instance - save the transient instance before flushing : com.iiitb.sportitup.bean.Activity.venue_id -> com.iiitb.sportitup.bean.Venue] with root cause
org.hibernate.TransientPropertyValueException: object references an unsaved transient instance - save the transient instance before flushing : com.iiitb.sportitup.bean.Activity.venue_id -> com.iiitb.sportitup.bean.Venue
	at org.hibernate.engine.spi.CascadingActions$8.noCascade(CascadingActions.java:379)
	at org.hibernate.engine.internal.Cascade.cascade(Cascade.java:167)
	at org.hibernate.event.internal.AbstractFlushingEventListener.cascadeOnFlush(AbstractFlushingEventListener.java:159)
	at org.hibernate.event.internal.AbstractFlushingEventListener.prepareEntityFlushes(AbstractFlushingEventListener.java:149)
	at org.hibernate.event.internal.AbstractFlushingEventListener.flushEverythingToExecutions(AbstractFlushingEventListener.java:82)
	at org.hibernate.event.internal.DefaultFlushEventListener.onFlush(DefaultFlushEventListener.java:39)
	at org.hibernate.event.service.internal.EventListenerGroupImpl.fireEventOnEachListener(EventListenerGroupImpl.java:93)
	at org.hibernate.internal.SessionImpl.doFlush(SessionImpl.java:1362)
	at org.hibernate.internal.SessionImpl.managedFlush(SessionImpl.java:453)
	at org.hibernate.internal.SessionImpl.flushBeforeTransactionCompletion(SessionImpl.java:3212)
	at org.hibernate.internal.SessionImpl.beforeTransactionCompletion(SessionImpl.java:2380)
	at org.hibernate.engine.jdbc.internal.JdbcCoordinatorImpl.beforeTransactionCompletion(JdbcCoordinatorImpl.java:447)
	at org.hibernate.resource.transaction.backend.jdbc.internal.JdbcResourceLocalTransactionCoordinatorImpl.beforeCompletionCallback(JdbcResourceLocalTransactionCoordinatorImpl.java:183)
	at org.hibernate.resource.transaction.backend.jdbc.internal.JdbcResourceLocalTransactionCoordinatorImpl.access$300(JdbcResourceLocalTransactionCoordinatorImpl.java:40)
	at org.hibernate.resource.transaction.backend.jdbc.internal.JdbcResourceLocalTransactionCoordinatorImpl$TransactionDriverControlImpl.commit(JdbcResourceLocalTransactionCoordinatorImpl.java:281)
	at org.hibernate.engine.transaction.internal.TransactionImpl.commit(TransactionImpl.java:101)
	at org.springframework.orm.jpa.JpaTransactionManager.doCommit(JpaTransactionManager.java:562)
	at org.springframework.transaction.support.AbstractPlatformTransactionManager.processCommit(AbstractPlatformTransactionManager.java:743)
	at org.springframework.transaction.support.AbstractPlatformTransactionManager.commit(AbstractPlatformTransactionManager.java:711)
	at org.springframework.transaction.interceptor.TransactionAspectSupport.commitTransactionAfterReturning(TransactionAspectSupport.java:654)
	at org.springframework.transaction.interceptor.TransactionAspectSupport.invokeWithinTransaction(TransactionAspectSupport.java:407)
	at org.springframework.transaction.interceptor.TransactionInterceptor.invoke(TransactionInterceptor.java:119)
	at org.springframework.aop.framework.ReflectiveMethodInvocation.proceed(ReflectiveMethodInvocation.java:186)
	at org.springframework.dao.support.PersistenceExceptionTranslationInterceptor.invoke(PersistenceExceptionTranslationInterceptor.java:137)
	at org.springframework.aop.framework.ReflectiveMethodInvocation.proceed(ReflectiveMethodInvocation.java:186)
	at org.springframework.data.jpa.repository.support.CrudMethodMetadataPostProcessor$CrudMethodMetadataPopulatingMethodInterceptor.invoke(CrudMethodMetadataPostProcessor.java:174)
	at org.springframework.aop.framework.ReflectiveMethodInvocation.proceed(ReflectiveMethodInvocation.java:186)
	at org.springframework.aop.interceptor.ExposeInvocationInterceptor.invoke(ExposeInvocationInterceptor.java:97)
	at org.springframework.aop.framework.ReflectiveMethodInvocation.proceed(ReflectiveMethodInvocation.java:186)
	at org.springframework.aop.framework.JdkDynamicAopProxy.invoke(JdkDynamicAopProxy.java:215)
	at com.sun.proxy.$Proxy90.save(Unknown Source)
	at com.iiitb.sportitup.service.ActivityService.createActivity(ActivityService.java:38)
	at com.iiitb.sportitup.controller.ActivityController.createActivity(ActivityController.java:39)
	at java.base/jdk.internal.reflect.NativeMethodAccessorImpl.invoke0(Native Method)
	at java.base/jdk.internal.reflect.NativeMethodAccessorImpl.invoke(NativeMethodAccessorImpl.java:62)
	at java.base/jdk.internal.reflect.DelegatingMethodAccessorImpl.invoke(DelegatingMethodAccessorImpl.java:43)
	at java.base/java.lang.reflect.Method.invoke(Method.java:566)
	at org.springframework.web.method.support.InvocableHandlerMethod.doInvoke(InvocableHandlerMethod.java:197)
	at org.springframework.web.method.support.InvocableHandlerMethod.invokeForRequest(InvocableHandlerMethod.java:141)
	at org.springframework.web.servlet.mvc.method.annotation.ServletInvocableHandlerMethod.invokeAndHandle(ServletInvocableHandlerMethod.java:106)
	at org.springframework.web.servlet.mvc.method.annotation.RequestMappingHandlerAdapter.invokeHandlerMethod(RequestMappingHandlerAdapter.java:894)
	at org.springframework.web.servlet.mvc.method.annotation.RequestMappingHandlerAdapter.handleInternal(RequestMappingHandlerAdapter.java:808)
	at org.springframework.web.servlet.mvc.method.AbstractHandlerMethodAdapter.handle(AbstractHandlerMethodAdapter.java:87)
	at org.springframework.web.servlet.DispatcherServlet.doDispatch(DispatcherServlet.java:1060)
	at org.springframework.web.servlet.DispatcherServlet.doService(DispatcherServlet.java:962)
	at org.springframework.web.servlet.FrameworkServlet.processRequest(FrameworkServlet.java:1006)
	at org.springframework.web.servlet.FrameworkServlet.doPost(FrameworkServlet.java:909)
	at javax.servlet.http.HttpServlet.service(HttpServlet.java:652)
	at org.springframework.web.servlet.FrameworkServlet.service(FrameworkServlet.java:883)
	at javax.servlet.http.HttpServlet.service(HttpServlet.java:733)
	at org.apache.catalina.core.ApplicationFilterChain.internalDoFilter(ApplicationFilterChain.java:227)
	at org.apache.catalina.core.ApplicationFilterChain.doFilter(ApplicationFilterChain.java:162)
	at org.apache.tomcat.websocket.server.WsFilter.doFilter(WsFilter.java:53)
	at org.apache.catalina.core.ApplicationFilterChain.internalDoFilter(ApplicationFilterChain.java:189)
	at org.apache.catalina.core.ApplicationFilterChain.doFilter(ApplicationFilterChain.java:162)
	at org.springframework.web.filter.RequestContextFilter.doFilterInternal(RequestContextFilter.java:100)
	at org.springframework.web.filter.OncePerRequestFilter.doFilter(OncePerRequestFilter.java:119)
	at org.apache.catalina.core.ApplicationFilterChain.internalDoFilter(ApplicationFilterChain.java:189)
	at org.apache.catalina.core.ApplicationFilterChain.doFilter(ApplicationFilterChain.java:162)
	at org.springframework.web.filter.FormContentFilter.doFilterInternal(FormContentFilter.java:93)
	at org.springframework.web.filter.OncePerRequestFilter.doFilter(OncePerRequestFilter.java:119)
	at org.apache.catalina.core.ApplicationFilterChain.internalDoFilter(ApplicationFilterChain.java:189)
	at org.apache.catalina.core.ApplicationFilterChain.doFilter(ApplicationFilterChain.java:162)
	at org.springframework.web.filter.CharacterEncodingFilter.doFilterInternal(CharacterEncodingFilter.java:201)
	at org.springframework.web.filter.OncePerRequestFilter.doFilter(OncePerRequestFilter.java:119)
	at org.apache.catalina.core.ApplicationFilterChain.internalDoFilter(ApplicationFilterChain.java:189)
	at org.apache.catalina.core.ApplicationFilterChain.doFilter(ApplicationFilterChain.java:162)
	at org.apache.catalina.core.StandardWrapperValve.invoke(StandardWrapperValve.java:202)
	at org.apache.catalina.core.StandardContextValve.invoke(StandardContextValve.java:97)
	at org.apache.catalina.authenticator.AuthenticatorBase.invoke(AuthenticatorBase.java:542)
	at org.apache.catalina.core.StandardHostValve.invoke(StandardHostValve.java:143)
	at org.apache.catalina.valves.ErrorReportValve.invoke(ErrorReportValve.java:92)
	at org.apache.catalina.core.StandardEngineValve.invoke(StandardEngineValve.java:78)
	at org.apache.catalina.connector.CoyoteAdapter.service(CoyoteAdapter.java:357)
	at org.apache.coyote.http11.Http11Processor.service(Http11Processor.java:374)
	at org.apache.coyote.AbstractProcessorLight.process(AbstractProcessorLight.java:65)
	at org.apache.coyote.AbstractProtocol$ConnectionHandler.process(AbstractProtocol.java:893)
	at org.apache.tomcat.util.net.NioEndpoint$SocketProcessor.doRun(NioEndpoint.java:1707)
	at org.apache.tomcat.util.net.SocketProcessorBase.run(SocketProcessorBase.java:49)
	at java.base/java.util.concurrent.ThreadPoolExecutor.runWorker(ThreadPoolExecutor.java:1128)
	at java.base/java.util.concurrent.ThreadPoolExecutor$Worker.run(ThreadPoolExecutor.java:628)
	at org.apache.tomcat.util.threads.TaskThread$WrappingRunnable.run(TaskThread.java:61)
	at java.base/java.lang.Thread.run(Thread.java:829)
2021-05-17 17:08:38,888 WARN org.springframework.web.servlet.handler.AbstractHandlerExceptionResolver [http-nio-8081-exec-8] Resolved [org.springframework.http.converter.HttpMessageNotWritableException: Could not write JSON: Null value was assigned to a property [class com.iiitb.sportitup.bean.Slots.grounds] of primitive type setter of com.iiitb.sportitup.bean.Slots.grounds; nested exception is com.fasterxml.jackson.databind.JsonMappingException: Null value was assigned to a property [class com.iiitb.sportitup.bean.Slots.grounds] of primitive type setter of com.iiitb.sportitup.bean.Slots.grounds (through reference chain: java.util.ArrayList[0]->com.iiitb.sportitup.bean.Venue["slots"])]
2021-05-17 17:08:38,890 WARN org.hibernate.engine.loading.internal.LoadContexts [http-nio-8081-exec-8] HHH000100: Fail-safe cleanup (collections) : org.hibernate.engine.loading.internal.CollectionLoadContext@6a0b9f36<rs=HikariProxyResultSet@754238080 wrapping Result set representing update count of 2>
2021-05-17 17:08:38,891 WARN org.hibernate.engine.loading.internal.CollectionLoadContext [http-nio-8081-exec-8] HHH000160: On CollectionLoadContext#cleanup, localLoadingCollectionKeys contained [1] entries
2021-05-17 17:09:59,148 WARN org.springframework.web.servlet.handler.AbstractHandlerExceptionResolver [http-nio-8081-exec-10] Resolved [org.springframework.http.converter.HttpMessageNotWritableException: Could not write JSON: Null value was assigned to a property [class com.iiitb.sportitup.bean.Slots.grounds] of primitive type setter of com.iiitb.sportitup.bean.Slots.grounds; nested exception is com.fasterxml.jackson.databind.JsonMappingException: Null value was assigned to a property [class com.iiitb.sportitup.bean.Slots.grounds] of primitive type setter of com.iiitb.sportitup.bean.Slots.grounds (through reference chain: java.util.ArrayList[0]->com.iiitb.sportitup.bean.Venue["slots"])]
2021-05-17 17:09:59,149 WARN org.hibernate.engine.loading.internal.LoadContexts [http-nio-8081-exec-10] HHH000100: Fail-safe cleanup (collections) : org.hibernate.engine.loading.internal.CollectionLoadContext@6599be25<rs=HikariProxyResultSet@603005891 wrapping Result set representing update count of 2>
2021-05-17 17:09:59,149 WARN org.hibernate.engine.loading.internal.CollectionLoadContext [http-nio-8081-exec-10] HHH000160: On CollectionLoadContext#cleanup, localLoadingCollectionKeys contained [1] entries
2021-05-17 17:10:14,838 WARN org.springframework.web.servlet.handler.AbstractHandlerExceptionResolver [http-nio-8081-exec-1] Resolved [org.springframework.http.converter.HttpMessageNotWritableException: Could not write JSON: Null value was assigned to a property [class com.iiitb.sportitup.bean.Slots.grounds] of primitive type setter of com.iiitb.sportitup.bean.Slots.grounds; nested exception is com.fasterxml.jackson.databind.JsonMappingException: Null value was assigned to a property [class com.iiitb.sportitup.bean.Slots.grounds] of primitive type setter of com.iiitb.sportitup.bean.Slots.grounds (through reference chain: java.util.ArrayList[0]->com.iiitb.sportitup.bean.Venue["slots"])]
2021-05-17 17:10:14,839 WARN org.hibernate.engine.loading.internal.LoadContexts [http-nio-8081-exec-1] HHH000100: Fail-safe cleanup (collections) : org.hibernate.engine.loading.internal.CollectionLoadContext@3eac776d<rs=HikariProxyResultSet@14234702 wrapping Result set representing update count of 2>
2021-05-17 17:10:14,839 WARN org.hibernate.engine.loading.internal.CollectionLoadContext [http-nio-8081-exec-1] HHH000160: On CollectionLoadContext#cleanup, localLoadingCollectionKeys contained [1] entries
2021-05-17 17:11:14,786 WARN org.springframework.web.servlet.handler.AbstractHandlerExceptionResolver [http-nio-8081-exec-4] Resolved [org.springframework.http.converter.HttpMessageNotWritableException: Could not write JSON: Null value was assigned to a property [class com.iiitb.sportitup.bean.Slots.grounds] of primitive type setter of com.iiitb.sportitup.bean.Slots.grounds; nested exception is com.fasterxml.jackson.databind.JsonMappingException: Null value was assigned to a property [class com.iiitb.sportitup.bean.Slots.grounds] of primitive type setter of com.iiitb.sportitup.bean.Slots.grounds (through reference chain: java.util.ArrayList[0]->com.iiitb.sportitup.bean.Venue["slots"])]
2021-05-17 17:11:14,787 WARN org.hibernate.engine.loading.internal.LoadContexts [http-nio-8081-exec-4] HHH000100: Fail-safe cleanup (collections) : org.hibernate.engine.loading.internal.CollectionLoadContext@41b8d8c4<rs=HikariProxyResultSet@191065983 wrapping Result set representing update count of 2>
2021-05-17 17:11:14,788 WARN org.hibernate.engine.loading.internal.CollectionLoadContext [http-nio-8081-exec-4] HHH000160: On CollectionLoadContext#cleanup, localLoadingCollectionKeys contained [1] entries
2021-05-17 17:12:03,555 INFO com.iiitb.sportitup.controller.UserController [http-nio-8081-exec-6] [Login by user with id] - 2
2021-05-17 17:12:17,807 INFO com.iiitb.sportitup.controller.UserController [http-nio-8081-exec-8] [Login by user with id] - 1
2021-05-17 17:12:21,400 WARN org.springframework.web.servlet.handler.AbstractHandlerExceptionResolver [http-nio-8081-exec-9] Resolved [org.springframework.http.converter.HttpMessageNotWritableException: Could not write JSON: Null value was assigned to a property [class com.iiitb.sportitup.bean.Slots.grounds] of primitive type setter of com.iiitb.sportitup.bean.Slots.grounds; nested exception is com.fasterxml.jackson.databind.JsonMappingException: Null value was assigned to a property [class com.iiitb.sportitup.bean.Slots.grounds] of primitive type setter of com.iiitb.sportitup.bean.Slots.grounds (through reference chain: java.util.ArrayList[0]->com.iiitb.sportitup.bean.Venue["slots"])]
2021-05-17 17:12:21,401 WARN org.hibernate.engine.loading.internal.LoadContexts [http-nio-8081-exec-9] HHH000100: Fail-safe cleanup (collections) : org.hibernate.engine.loading.internal.CollectionLoadContext@367bbb18<rs=HikariProxyResultSet@277862959 wrapping Result set representing update count of 2>
2021-05-17 17:12:21,402 WARN org.hibernate.engine.loading.internal.CollectionLoadContext [http-nio-8081-exec-9] HHH000160: On CollectionLoadContext#cleanup, localLoadingCollectionKeys contained [1] entries
2021-05-17 17:12:22,898 WARN org.springframework.web.servlet.handler.AbstractHandlerExceptionResolver [http-nio-8081-exec-10] Resolved [org.springframework.http.converter.HttpMessageNotWritableException: Could not write JSON: Null value was assigned to a property [class com.iiitb.sportitup.bean.Slots.grounds] of primitive type setter of com.iiitb.sportitup.bean.Slots.grounds; nested exception is com.fasterxml.jackson.databind.JsonMappingException: Null value was assigned to a property [class com.iiitb.sportitup.bean.Slots.grounds] of primitive type setter of com.iiitb.sportitup.bean.Slots.grounds (through reference chain: java.util.ArrayList[0]->com.iiitb.sportitup.bean.Venue["slots"])]
2021-05-17 17:12:22,899 WARN org.hibernate.engine.loading.internal.LoadContexts [http-nio-8081-exec-10] HHH000100: Fail-safe cleanup (collections) : org.hibernate.engine.loading.internal.CollectionLoadContext@409770c2<rs=HikariProxyResultSet@819256301 wrapping Result set representing update count of 2>
2021-05-17 17:12:22,900 WARN org.hibernate.engine.loading.internal.CollectionLoadContext [http-nio-8081-exec-10] HHH000160: On CollectionLoadContext#cleanup, localLoadingCollectionKeys contained [1] entries
2021-05-17 17:12:23,397 WARN org.springframework.web.servlet.handler.AbstractHandlerExceptionResolver [http-nio-8081-exec-1] Resolved [org.springframework.http.converter.HttpMessageNotWritableException: Could not write JSON: Null value was assigned to a property [class com.iiitb.sportitup.bean.Slots.grounds] of primitive type setter of com.iiitb.sportitup.bean.Slots.grounds; nested exception is com.fasterxml.jackson.databind.JsonMappingException: Null value was assigned to a property [class com.iiitb.sportitup.bean.Slots.grounds] of primitive type setter of com.iiitb.sportitup.bean.Slots.grounds (through reference chain: java.util.ArrayList[0]->com.iiitb.sportitup.bean.Venue["slots"])]
2021-05-17 17:12:23,398 WARN org.hibernate.engine.loading.internal.LoadContexts [http-nio-8081-exec-1] HHH000100: Fail-safe cleanup (collections) : org.hibernate.engine.loading.internal.CollectionLoadContext@3cd55eeb<rs=HikariProxyResultSet@1644017206 wrapping Result set representing update count of 2>
2021-05-17 17:12:23,399 WARN org.hibernate.engine.loading.internal.CollectionLoadContext [http-nio-8081-exec-1] HHH000160: On CollectionLoadContext#cleanup, localLoadingCollectionKeys contained [1] entries
2021-05-17 17:12:23,895 WARN org.springframework.web.servlet.handler.AbstractHandlerExceptionResolver [http-nio-8081-exec-2] Resolved [org.springframework.http.converter.HttpMessageNotWritableException: Could not write JSON: Null value was assigned to a property [class com.iiitb.sportitup.bean.Slots.grounds] of primitive type setter of com.iiitb.sportitup.bean.Slots.grounds; nested exception is com.fasterxml.jackson.databind.JsonMappingException: Null value was assigned to a property [class com.iiitb.sportitup.bean.Slots.grounds] of primitive type setter of com.iiitb.sportitup.bean.Slots.grounds (through reference chain: java.util.ArrayList[0]->com.iiitb.sportitup.bean.Venue["slots"])]
2021-05-17 17:12:23,896 WARN org.hibernate.engine.loading.internal.LoadContexts [http-nio-8081-exec-2] HHH000100: Fail-safe cleanup (collections) : org.hibernate.engine.loading.internal.CollectionLoadContext@7e6ec82e<rs=HikariProxyResultSet@1217706759 wrapping Result set representing update count of 2>
2021-05-17 17:12:23,897 WARN org.hibernate.engine.loading.internal.CollectionLoadContext [http-nio-8081-exec-2] HHH000160: On CollectionLoadContext#cleanup, localLoadingCollectionKeys contained [1] entries
2021-05-17 17:12:25,037 WARN org.springframework.web.servlet.handler.AbstractHandlerExceptionResolver [http-nio-8081-exec-3] Resolved [org.springframework.http.converter.HttpMessageNotWritableException: Could not write JSON: Null value was assigned to a property [class com.iiitb.sportitup.bean.Slots.grounds] of primitive type setter of com.iiitb.sportitup.bean.Slots.grounds; nested exception is com.fasterxml.jackson.databind.JsonMappingException: Null value was assigned to a property [class com.iiitb.sportitup.bean.Slots.grounds] of primitive type setter of com.iiitb.sportitup.bean.Slots.grounds (through reference chain: java.util.ArrayList[0]->com.iiitb.sportitup.bean.Venue["slots"])]
2021-05-17 17:12:25,038 WARN org.hibernate.engine.loading.internal.LoadContexts [http-nio-8081-exec-3] HHH000100: Fail-safe cleanup (collections) : org.hibernate.engine.loading.internal.CollectionLoadContext@1ed6df4d<rs=HikariProxyResultSet@878407037 wrapping Result set representing update count of 2>
2021-05-17 17:12:25,040 WARN org.hibernate.engine.loading.internal.CollectionLoadContext [http-nio-8081-exec-3] HHH000160: On CollectionLoadContext#cleanup, localLoadingCollectionKeys contained [1] entries
2021-05-17 17:12:34,982 WARN org.springframework.web.servlet.handler.AbstractHandlerExceptionResolver [http-nio-8081-exec-4] Resolved [org.springframework.http.converter.HttpMessageNotWritableException: Could not write JSON: Null value was assigned to a property [class com.iiitb.sportitup.bean.Slots.grounds] of primitive type setter of com.iiitb.sportitup.bean.Slots.grounds; nested exception is com.fasterxml.jackson.databind.JsonMappingException: Null value was assigned to a property [class com.iiitb.sportitup.bean.Slots.grounds] of primitive type setter of com.iiitb.sportitup.bean.Slots.grounds (through reference chain: java.util.ArrayList[0]->com.iiitb.sportitup.bean.Venue["slots"])]
2021-05-17 17:12:34,983 WARN org.hibernate.engine.loading.internal.LoadContexts [http-nio-8081-exec-4] HHH000100: Fail-safe cleanup (collections) : org.hibernate.engine.loading.internal.CollectionLoadContext@35b5d565<rs=HikariProxyResultSet@292688051 wrapping Result set representing update count of 2>
2021-05-17 17:12:34,984 WARN org.hibernate.engine.loading.internal.CollectionLoadContext [http-nio-8081-exec-4] HHH000160: On CollectionLoadContext#cleanup, localLoadingCollectionKeys contained [1] entries
2021-05-17 17:13:27,746 INFO org.springframework.scheduling.concurrent.ExecutorConfigurationSupport [SpringContextShutdownHook] Shutting down ExecutorService 'applicationTaskExecutor'
2021-05-17 17:13:27,748 INFO org.springframework.orm.jpa.AbstractEntityManagerFactoryBean [SpringContextShutdownHook] Closing JPA EntityManagerFactory for persistence unit 'default'
2021-05-17 17:13:27,752 INFO com.zaxxer.hikari.HikariDataSource [SpringContextShutdownHook] HikariPool-1 - Shutdown initiated...
2021-05-17 17:13:27,763 INFO com.zaxxer.hikari.HikariDataSource [SpringContextShutdownHook] HikariPool-1 - Shutdown completed.
2021-05-17 17:24:31,591 INFO org.springframework.boot.StartupInfoLogger [main] Starting SportitupApplication using Java 11.0.11 on ubuntu2020 with PID 5634 (/home/nihar/Desktop/SportItUp-Application/target/classes started by nihar in /home/nihar/Desktop/SportItUp-Application)
2021-05-17 17:24:31,594 INFO org.springframework.boot.SpringApplication [main] No active profile set, falling back to default profiles: default
2021-05-17 17:24:32,333 INFO org.springframework.data.repository.config.RepositoryConfigurationDelegate [main] Bootstrapping Spring Data JPA repositories in DEFAULT mode.
2021-05-17 17:24:32,408 INFO org.springframework.data.repository.config.RepositoryConfigurationDelegate [main] Finished Spring Data repository scanning in 64 ms. Found 5 JPA repository interfaces.
2021-05-17 17:24:32,931 INFO org.springframework.boot.web.embedded.tomcat.TomcatWebServer [main] Tomcat initialized with port(s): 8081 (http)
2021-05-17 17:24:32,938 INFO org.apache.juli.logging.DirectJDKLog [main] Initializing ProtocolHandler ["http-nio-8081"]
2021-05-17 17:24:32,939 INFO org.apache.juli.logging.DirectJDKLog [main] Starting service [Tomcat]
2021-05-17 17:24:32,939 INFO org.apache.juli.logging.DirectJDKLog [main] Starting Servlet engine: [Apache Tomcat/9.0.44]
2021-05-17 17:24:33,005 INFO org.apache.juli.logging.DirectJDKLog [main] Initializing Spring embedded WebApplicationContext
2021-05-17 17:24:33,005 INFO org.springframework.boot.web.servlet.context.ServletWebServerApplicationContext [main] Root WebApplicationContext: initialization completed in 1366 ms
2021-05-17 17:24:33,151 INFO org.hibernate.jpa.internal.util.LogHelper [main] HHH000204: Processing PersistenceUnitInfo [name: default]
2021-05-17 17:24:33,187 INFO org.hibernate.Version [main] HHH000412: Hibernate ORM core version 5.4.29.Final
2021-05-17 17:24:33,277 INFO org.hibernate.annotations.common.reflection.java.JavaReflectionManager [main] HCANN000001: Hibernate Commons Annotations {5.1.2.Final}
2021-05-17 17:24:33,346 INFO com.zaxxer.hikari.HikariDataSource [main] HikariPool-1 - Starting...
2021-05-17 17:24:33,709 INFO com.zaxxer.hikari.HikariDataSource [main] HikariPool-1 - Start completed.
2021-05-17 17:24:33,719 INFO org.hibernate.dialect.Dialect [main] HHH000400: Using dialect: org.hibernate.dialect.MySQL5Dialect
2021-05-17 17:24:34,423 INFO org.hibernate.engine.transaction.jta.platform.internal.JtaPlatformInitiator [main] HHH000490: Using JtaPlatform implementation: [org.hibernate.engine.transaction.jta.platform.internal.NoJtaPlatform]
2021-05-17 17:24:34,430 INFO org.springframework.orm.jpa.AbstractEntityManagerFactoryBean [main] Initialized JPA EntityManagerFactory for persistence unit 'default'
2021-05-17 17:24:34,844 WARN org.springframework.boot.autoconfigure.orm.jpa.JpaBaseConfiguration$JpaWebConfiguration [main] spring.jpa.open-in-view is enabled by default. Therefore, database queries may be performed during view rendering. Explicitly configure spring.jpa.open-in-view to disable this warning
2021-05-17 17:24:34,930 INFO org.springframework.scheduling.concurrent.ExecutorConfigurationSupport [main] Initializing ExecutorService 'applicationTaskExecutor'
2021-05-17 17:24:35,096 INFO org.apache.juli.logging.DirectJDKLog [main] Starting ProtocolHandler ["http-nio-8081"]
2021-05-17 17:24:35,108 INFO org.springframework.boot.web.embedded.tomcat.TomcatWebServer [main] Tomcat started on port(s): 8081 (http) with context path ''
2021-05-17 17:24:35,118 INFO org.springframework.boot.StartupInfoLogger [main] Started SportitupApplication in 4.004 seconds (JVM running for 4.972)
2021-05-17 17:24:43,361 INFO org.apache.juli.logging.DirectJDKLog [http-nio-8081-exec-1] Initializing Spring DispatcherServlet 'dispatcherServlet'
2021-05-17 17:24:43,362 INFO org.springframework.web.servlet.FrameworkServlet [http-nio-8081-exec-1] Initializing Servlet 'dispatcherServlet'
2021-05-17 17:24:43,364 INFO org.springframework.web.servlet.FrameworkServlet [http-nio-8081-exec-1] Completed initialization in 1 ms
2021-05-17 17:24:43,569 INFO com.iiitb.sportitup.controller.UserController [http-nio-8081-exec-2] [Login by user with id] - 1
2021-05-17 17:24:48,062 WARN org.springframework.web.servlet.handler.AbstractHandlerExceptionResolver [http-nio-8081-exec-4] Resolved [org.springframework.http.converter.HttpMessageNotWritableException: Could not write JSON: Null value was assigned to a property [class com.iiitb.sportitup.bean.Slots.grounds] of primitive type setter of com.iiitb.sportitup.bean.Slots.grounds; nested exception is com.fasterxml.jackson.databind.JsonMappingException: Null value was assigned to a property [class com.iiitb.sportitup.bean.Slots.grounds] of primitive type setter of com.iiitb.sportitup.bean.Slots.grounds (through reference chain: java.util.ArrayList[0]->com.iiitb.sportitup.bean.Venue["slots"])]
2021-05-17 17:24:48,063 WARN org.hibernate.engine.loading.internal.LoadContexts [http-nio-8081-exec-4] HHH000100: Fail-safe cleanup (collections) : org.hibernate.engine.loading.internal.CollectionLoadContext@4f2a4ee4<rs=HikariProxyResultSet@779280662 wrapping Result set representing update count of 2>
2021-05-17 17:24:48,064 WARN org.hibernate.engine.loading.internal.CollectionLoadContext [http-nio-8081-exec-4] HHH000160: On CollectionLoadContext#cleanup, localLoadingCollectionKeys contained [1] entries
2021-05-17 17:24:50,441 WARN org.springframework.web.servlet.handler.AbstractHandlerExceptionResolver [http-nio-8081-exec-5] Resolved [org.springframework.http.converter.HttpMessageNotWritableException: Could not write JSON: Null value was assigned to a property [class com.iiitb.sportitup.bean.Slots.grounds] of primitive type setter of com.iiitb.sportitup.bean.Slots.grounds; nested exception is com.fasterxml.jackson.databind.JsonMappingException: Null value was assigned to a property [class com.iiitb.sportitup.bean.Slots.grounds] of primitive type setter of com.iiitb.sportitup.bean.Slots.grounds (through reference chain: java.util.ArrayList[0]->com.iiitb.sportitup.bean.Venue["slots"])]
2021-05-17 17:24:50,442 WARN org.hibernate.engine.loading.internal.LoadContexts [http-nio-8081-exec-5] HHH000100: Fail-safe cleanup (collections) : org.hibernate.engine.loading.internal.CollectionLoadContext@3435d918<rs=HikariProxyResultSet@1188561635 wrapping Result set representing update count of 2>
2021-05-17 17:24:50,442 WARN org.hibernate.engine.loading.internal.CollectionLoadContext [http-nio-8081-exec-5] HHH000160: On CollectionLoadContext#cleanup, localLoadingCollectionKeys contained [1] entries
2021-05-17 17:24:51,749 WARN org.springframework.web.servlet.handler.AbstractHandlerExceptionResolver [http-nio-8081-exec-6] Resolved [org.springframework.http.converter.HttpMessageNotWritableException: Could not write JSON: Null value was assigned to a property [class com.iiitb.sportitup.bean.Slots.grounds] of primitive type setter of com.iiitb.sportitup.bean.Slots.grounds; nested exception is com.fasterxml.jackson.databind.JsonMappingException: Null value was assigned to a property [class com.iiitb.sportitup.bean.Slots.grounds] of primitive type setter of com.iiitb.sportitup.bean.Slots.grounds (through reference chain: java.util.ArrayList[0]->com.iiitb.sportitup.bean.Venue["slots"])]
2021-05-17 17:24:51,751 WARN org.hibernate.engine.loading.internal.LoadContexts [http-nio-8081-exec-6] HHH000100: Fail-safe cleanup (collections) : org.hibernate.engine.loading.internal.CollectionLoadContext@fa57d7d<rs=HikariProxyResultSet@763638256 wrapping Result set representing update count of 2>
2021-05-17 17:24:51,751 WARN org.hibernate.engine.loading.internal.CollectionLoadContext [http-nio-8081-exec-6] HHH000160: On CollectionLoadContext#cleanup, localLoadingCollectionKeys contained [1] entries
2021-05-17 17:24:53,178 WARN org.springframework.web.servlet.handler.AbstractHandlerExceptionResolver [http-nio-8081-exec-8] Resolved [org.springframework.http.converter.HttpMessageNotWritableException: Could not write JSON: Null value was assigned to a property [class com.iiitb.sportitup.bean.Slots.grounds] of primitive type setter of com.iiitb.sportitup.bean.Slots.grounds; nested exception is com.fasterxml.jackson.databind.JsonMappingException: Null value was assigned to a property [class com.iiitb.sportitup.bean.Slots.grounds] of primitive type setter of com.iiitb.sportitup.bean.Slots.grounds (through reference chain: java.util.ArrayList[0]->com.iiitb.sportitup.bean.Venue["slots"])]
2021-05-17 17:24:53,179 WARN org.hibernate.engine.loading.internal.LoadContexts [http-nio-8081-exec-8] HHH000100: Fail-safe cleanup (collections) : org.hibernate.engine.loading.internal.CollectionLoadContext@57b59dac<rs=HikariProxyResultSet@1590126991 wrapping Result set representing update count of 2>
2021-05-17 17:24:53,181 WARN org.hibernate.engine.loading.internal.CollectionLoadContext [http-nio-8081-exec-8] HHH000160: On CollectionLoadContext#cleanup, localLoadingCollectionKeys contained [1] entries
2021-05-17 17:28:04,759 INFO com.iiitb.sportitup.service.BookingService [http-nio-8081-exec-10] [New Booking Created with id] - 41
2021-05-17 17:28:45,245 INFO com.iiitb.sportitup.service.ActivityService [http-nio-8081-exec-10] [New Activity Created with id] - 42
2021-05-17 17:28:53,911 INFO com.iiitb.sportitup.controller.ActivityController [http-nio-8081-exec-4] [User joined the activity] - 42
2021-05-17 17:29:18,871 INFO com.iiitb.sportitup.controller.UserController [http-nio-8081-exec-6] [Login by user with id] - 1
2021-05-17 17:29:35,306 INFO com.iiitb.sportitup.service.ActivityService [http-nio-8081-exec-2] [New Activity Created with id] - 43
2021-05-17 17:29:39,735 INFO com.iiitb.sportitup.controller.ActivityController [http-nio-8081-exec-5] [User joined the activity] - 42
2021-05-17 22:04:49,675 INFO org.springframework.scheduling.concurrent.ExecutorConfigurationSupport [SpringContextShutdownHook] Shutting down ExecutorService 'applicationTaskExecutor'
2021-05-17 22:04:49,677 INFO org.springframework.orm.jpa.AbstractEntityManagerFactoryBean [SpringContextShutdownHook] Closing JPA EntityManagerFactory for persistence unit 'default'
2021-05-17 22:04:49,680 INFO com.zaxxer.hikari.HikariDataSource [SpringContextShutdownHook] HikariPool-1 - Shutdown initiated...
2021-05-17 22:04:49,694 INFO com.zaxxer.hikari.HikariDataSource [SpringContextShutdownHook] HikariPool-1 - Shutdown completed.
