2021-11-23 13:38:26,345 INFO org.springframework.boot.StartupInfoLogger [main] Starting SportitupApplication using Java 11.0.11 on ubuntu2020 with PID 40128 (/home/nihar/Music/SportItUp-Application/target/classes started by nihar in /home/nihar/Music/SportItUp-Application)
2021-11-23 13:38:26,350 INFO org.springframework.boot.SpringApplication [main] No active profile set, falling back to default profiles: default
2021-11-23 13:38:26,975 INFO org.springframework.data.repository.config.RepositoryConfigurationDelegate [main] Bootstrapping Spring Data JPA repositories in DEFAULT mode.
2021-11-23 13:38:27,025 INFO org.springframework.data.repository.config.RepositoryConfigurationDelegate [main] Finished Spring Data repository scanning in 40 ms. Found 5 JPA repository interfaces.
2021-11-23 13:38:27,339 INFO org.springframework.boot.web.embedded.tomcat.TomcatWebServer [main] Tomcat initialized with port(s): 8081 (http)
2021-11-23 13:38:27,345 INFO org.apache.juli.logging.DirectJDKLog [main] Initializing ProtocolHandler ["http-nio-8081"]
2021-11-23 13:38:27,346 INFO org.apache.juli.logging.DirectJDKLog [main] Starting service [Tomcat]
2021-11-23 13:38:27,346 INFO org.apache.juli.logging.DirectJDKLog [main] Starting Servlet engine: [Apache Tomcat/9.0.44]
2021-11-23 13:38:27,397 INFO org.apache.juli.logging.DirectJDKLog [main] Initializing Spring embedded WebApplicationContext
2021-11-23 13:38:27,397 INFO org.springframework.boot.web.servlet.context.ServletWebServerApplicationContext [main] Root WebApplicationContext: initialization completed in 1003 ms
2021-11-23 13:38:27,506 INFO org.hibernate.jpa.internal.util.LogHelper [main] HHH000204: Processing PersistenceUnitInfo [name: default]
2021-11-23 13:38:27,544 INFO org.hibernate.Version [main] HHH000412: Hibernate ORM core version 5.4.29.Final
2021-11-23 13:38:27,626 INFO org.hibernate.annotations.common.reflection.java.JavaReflectionManager [main] HCANN000001: Hibernate Commons Annotations {5.1.2.Final}
2021-11-23 13:38:27,684 INFO com.zaxxer.hikari.HikariDataSource [main] HikariPool-1 - Starting...
2021-11-23 13:38:28,016 INFO com.zaxxer.hikari.HikariDataSource [main] HikariPool-1 - Start completed.
2021-11-23 13:38:28,025 INFO org.hibernate.dialect.Dialect [main] HHH000400: Using dialect: org.hibernate.dialect.MySQL5Dialect
2021-11-23 13:38:28,783 INFO org.hibernate.engine.transaction.jta.platform.internal.JtaPlatformInitiator [main] HHH000490: Using JtaPlatform implementation: [org.hibernate.engine.transaction.jta.platform.internal.NoJtaPlatform]
2021-11-23 13:38:28,790 INFO org.springframework.orm.jpa.AbstractEntityManagerFactoryBean [main] Initialized JPA EntityManagerFactory for persistence unit 'default'
2021-11-23 13:38:29,117 WARN org.springframework.boot.autoconfigure.orm.jpa.JpaBaseConfiguration$JpaWebConfiguration [main] spring.jpa.open-in-view is enabled by default. Therefore, database queries may be performed during view rendering. Explicitly configure spring.jpa.open-in-view to disable this warning
2021-11-23 13:38:29,187 INFO org.springframework.scheduling.concurrent.ExecutorConfigurationSupport [main] Initializing ExecutorService 'applicationTaskExecutor'
2021-11-23 13:38:29,312 INFO org.apache.juli.logging.DirectJDKLog [main] Starting ProtocolHandler ["http-nio-8081"]
2021-11-23 13:38:29,321 INFO org.springframework.boot.web.embedded.tomcat.TomcatWebServer [main] Tomcat started on port(s): 8081 (http) with context path ''
2021-11-23 13:38:29,332 INFO org.springframework.boot.StartupInfoLogger [main] Started SportitupApplication in 3.53 seconds (JVM running for 4.171)
2021-11-23 13:39:33,278 INFO org.apache.juli.logging.DirectJDKLog [http-nio-8081-exec-1] Initializing Spring DispatcherServlet 'dispatcherServlet'
2021-11-23 13:39:33,279 INFO org.springframework.web.servlet.FrameworkServlet [http-nio-8081-exec-1] Initializing Servlet 'dispatcherServlet'
2021-11-23 13:39:33,280 INFO org.springframework.web.servlet.FrameworkServlet [http-nio-8081-exec-1] Completed initialization in 1 ms
2021-11-23 13:39:33,412 INFO com.iiitb.sportitup.controller.UserController [http-nio-8081-exec-2] [Login by user with id] - 1
2021-11-23 13:40:04,828 INFO com.iiitb.sportitup.service.BookingService [http-nio-8081-exec-7] [New Booking Created with id] - 51
2021-11-23 13:41:42,005 INFO com.iiitb.sportitup.controller.ActivityController [http-nio-8081-exec-3] [User joined the activity] - 43
2021-11-23 14:11:13,537 INFO com.iiitb.sportitup.controller.UserController [http-nio-8081-exec-7] [Login by user with id] - 1
2021-11-23 14:12:51,221 INFO com.iiitb.sportitup.service.ActivityService [http-nio-8081-exec-2] [New Activity Created with id] - 52
2021-11-23 19:24:40,504 INFO org.springframework.scheduling.concurrent.ExecutorConfigurationSupport [SpringContextShutdownHook] Shutting down ExecutorService 'applicationTaskExecutor'
2021-11-23 19:24:40,507 INFO org.springframework.orm.jpa.AbstractEntityManagerFactoryBean [SpringContextShutdownHook] Closing JPA EntityManagerFactory for persistence unit 'default'
2021-11-23 19:24:40,510 INFO com.zaxxer.hikari.HikariDataSource [SpringContextShutdownHook] HikariPool-1 - Shutdown initiated...
2021-11-23 19:24:40,519 INFO com.zaxxer.hikari.HikariDataSource [SpringContextShutdownHook] HikariPool-1 - Shutdown completed.
